2025-05-10T20:41:36.384Z [INFO]: Starting notification service...
2025-05-10T20:41:36.414Z [INFO]: Connected to Kafka
2025-05-10T20:41:36.421Z [INFO]: Subscribed to topic: order-events
2025-05-10T20:41:36.471Z [INFO]: Kafka consumer started successfully
2025-05-10T20:41:36.781Z [ERROR]: Kafka consumer crashed: undefined. Reconnecting...
2025-05-10T20:41:36.782Z [INFO]: Connected to Kafka
2025-05-10T20:41:36.783Z [ERROR]: Failed to setup Kafka consumer: Closed connection
2025-05-10T20:41:37.094Z [ERROR]: Kafka consumer crashed: undefined. Reconnecting...
2025-05-10T20:41:37.095Z [INFO]: Connected to Kafka
2025-05-10T20:41:37.096Z [ERROR]: Failed to setup Kafka consumer: Closed connection
2025-05-10T20:41:37.402Z [ERROR]: Kafka consumer crashed: undefined. Reconnecting...
2025-05-10T20:41:37.403Z [INFO]: Connected to Kafka
2025-05-10T20:41:37.404Z [ERROR]: Failed to setup Kafka consumer: Closed connection
2025-05-10T20:41:37.711Z [ERROR]: Kafka consumer crashed: undefined. Reconnecting...
2025-05-10T20:41:37.712Z [INFO]: Connected to Kafka
2025-05-10T20:41:37.713Z [ERROR]: Failed to setup Kafka consumer: Closed connection
2025-05-10T20:41:38.018Z [ERROR]: Kafka consumer crashed: undefined. Reconnecting...
2025-05-10T20:41:38.019Z [INFO]: Connected to Kafka
2025-05-10T20:41:38.019Z [ERROR]: Failed to setup Kafka consumer: Closed connection
2025-05-10T20:41:38.328Z [ERROR]: Kafka consumer crashed: undefined. Reconnecting...
2025-05-10T20:41:38.329Z [INFO]: Connected to Kafka
2025-05-10T20:41:38.329Z [ERROR]: Failed to setup Kafka consumer: Closed connection
2025-05-10T20:41:38.635Z [ERROR]: Kafka consumer crashed: undefined. Reconnecting...
2025-05-10T20:41:38.636Z [INFO]: Connected to Kafka
2025-05-10T20:41:38.638Z [ERROR]: Failed to setup Kafka consumer: Closed connection
2025-05-10T20:41:38.942Z [ERROR]: Kafka consumer crashed: undefined. Reconnecting...
2025-05-10T20:41:38.943Z [INFO]: Connected to Kafka
2025-05-10T20:41:38.945Z [ERROR]: Failed to setup Kafka consumer: Closed connection
2025-05-10T20:41:39.253Z [ERROR]: Kafka consumer crashed: undefined. Reconnecting...
2025-05-10T20:41:39.254Z [INFO]: Connected to Kafka
2025-05-10T20:41:39.254Z [ERROR]: Failed to setup Kafka consumer: Closed connection
2025-05-10T20:41:39.561Z [ERROR]: Kafka consumer crashed: undefined. Reconnecting...
2025-05-10T20:41:39.562Z [INFO]: Connected to Kafka
2025-05-10T20:41:39.563Z [ERROR]: Failed to setup Kafka consumer: Closed connection
2025-05-10T20:41:39.870Z [ERROR]: Kafka consumer crashed: undefined. Reconnecting...
2025-05-10T20:41:39.871Z [INFO]: Connected to Kafka
2025-05-10T20:41:39.872Z [ERROR]: Failed to setup Kafka consumer: Closed connection
2025-05-10T20:41:40.184Z [ERROR]: Kafka consumer crashed: undefined. Reconnecting...
2025-05-10T20:41:40.185Z [INFO]: Connected to Kafka
2025-05-10T20:41:40.187Z [ERROR]: Failed to setup Kafka consumer: Closed connection
2025-05-10T20:41:40.497Z [ERROR]: Kafka consumer crashed: undefined. Reconnecting...
2025-05-10T20:41:40.499Z [INFO]: Connected to Kafka
2025-05-10T20:41:40.499Z [ERROR]: Failed to setup Kafka consumer: Closed connection
2025-05-10T20:41:40.810Z [ERROR]: Kafka consumer crashed: undefined. Reconnecting...
2025-05-10T20:41:40.812Z [INFO]: Connected to Kafka
2025-05-10T20:41:40.813Z [ERROR]: Failed to setup Kafka consumer: Closed connection
2025-05-10T20:41:41.119Z [ERROR]: Kafka consumer crashed: undefined. Reconnecting...
2025-05-10T20:41:41.120Z [INFO]: Connected to Kafka
2025-05-10T20:41:41.121Z [ERROR]: Failed to setup Kafka consumer: Closed connection
2025-05-10T20:41:41.427Z [ERROR]: Kafka consumer crashed: undefined. Reconnecting...
2025-05-10T20:41:41.428Z [INFO]: Connected to Kafka
2025-05-10T20:41:41.429Z [ERROR]: Failed to setup Kafka consumer: Closed connection
2025-05-10T20:41:41.741Z [ERROR]: Kafka consumer crashed: undefined. Reconnecting...
2025-05-10T20:41:41.743Z [INFO]: Connected to Kafka
2025-05-10T20:41:41.743Z [ERROR]: Failed to setup Kafka consumer: Closed connection
2025-05-10T20:41:42.054Z [ERROR]: Kafka consumer crashed: undefined. Reconnecting...
2025-05-10T20:41:42.056Z [INFO]: Connected to Kafka
2025-05-10T20:41:42.057Z [ERROR]: Failed to setup Kafka consumer: Closed connection
2025-05-10T20:41:42.362Z [ERROR]: Kafka consumer crashed: undefined. Reconnecting...
2025-05-10T20:41:42.363Z [INFO]: Connected to Kafka
2025-05-10T20:41:42.363Z [ERROR]: Failed to setup Kafka consumer: Connection error: write after end
2025-05-10T20:41:42.670Z [ERROR]: Kafka consumer crashed: undefined. Reconnecting...
2025-05-10T20:41:42.671Z [INFO]: Connected to Kafka
2025-05-10T20:41:42.672Z [ERROR]: Failed to setup Kafka consumer: Closed connection
2025-05-10T20:41:42.982Z [ERROR]: Kafka consumer crashed: undefined. Reconnecting...
2025-05-10T20:41:42.983Z [INFO]: Connected to Kafka
2025-05-10T20:41:42.984Z [ERROR]: Failed to setup Kafka consumer: Closed connection
2025-05-10T20:41:43.289Z [ERROR]: Kafka consumer crashed: undefined. Reconnecting...
2025-05-10T20:41:43.290Z [INFO]: Connected to Kafka
2025-05-10T20:41:43.291Z [ERROR]: Failed to setup Kafka consumer: Closed connection
2025-05-10T20:41:43.605Z [ERROR]: Kafka consumer crashed: undefined. Reconnecting...
2025-05-10T20:41:43.607Z [INFO]: Connected to Kafka
2025-05-10T20:41:43.608Z [ERROR]: Failed to setup Kafka consumer: Closed connection
2025-05-10T20:41:43.914Z [ERROR]: Kafka consumer crashed: undefined. Reconnecting...
2025-05-10T20:41:43.915Z [INFO]: Connected to Kafka
2025-05-10T20:41:43.916Z [ERROR]: Failed to setup Kafka consumer: Closed connection
2025-05-10T20:41:44.229Z [ERROR]: Kafka consumer crashed: undefined. Reconnecting...
2025-05-10T20:41:44.230Z [INFO]: Connected to Kafka
2025-05-10T20:41:44.231Z [ERROR]: Failed to setup Kafka consumer: Closed connection
2025-05-10T20:41:44.541Z [ERROR]: Kafka consumer crashed: undefined. Reconnecting...
2025-05-10T20:41:44.543Z [INFO]: Connected to Kafka
2025-05-10T20:41:44.544Z [ERROR]: Failed to setup Kafka consumer: Closed connection
2025-05-10T20:41:44.851Z [ERROR]: Kafka consumer crashed: undefined. Reconnecting...
2025-05-10T20:41:44.853Z [INFO]: Connected to Kafka
2025-05-10T20:41:44.854Z [ERROR]: Failed to setup Kafka consumer: Connection error: write after end
2025-05-10T20:41:45.164Z [ERROR]: Kafka consumer crashed: undefined. Reconnecting...
2025-05-10T20:41:45.166Z [INFO]: Connected to Kafka
2025-05-10T20:41:45.167Z [ERROR]: Failed to setup Kafka consumer: Closed connection
2025-05-10T20:41:45.479Z [ERROR]: Kafka consumer crashed: undefined. Reconnecting...
2025-05-10T20:41:45.481Z [INFO]: Connected to Kafka
2025-05-10T20:41:45.482Z [ERROR]: Failed to setup Kafka consumer: Closed connection
2025-05-10T20:41:45.792Z [ERROR]: Kafka consumer crashed: undefined. Reconnecting...
2025-05-10T20:41:45.793Z [INFO]: Connected to Kafka
2025-05-10T20:41:45.794Z [ERROR]: Failed to setup Kafka consumer: Closed connection
2025-05-10T20:41:46.104Z [ERROR]: Kafka consumer crashed: undefined. Reconnecting...
2025-05-10T20:41:46.105Z [INFO]: Connected to Kafka
2025-05-10T20:41:46.106Z [ERROR]: Failed to setup Kafka consumer: Closed connection
2025-05-10T20:41:46.417Z [ERROR]: Kafka consumer crashed: undefined. Reconnecting...
2025-05-10T20:41:46.418Z [INFO]: Connected to Kafka
2025-05-10T20:41:46.420Z [ERROR]: Failed to setup Kafka consumer: Closed connection
2025-05-10T20:41:46.727Z [ERROR]: Kafka consumer crashed: undefined. Reconnecting...
2025-05-10T20:41:46.728Z [INFO]: Connected to Kafka
2025-05-10T20:41:46.729Z [ERROR]: Failed to setup Kafka consumer: Closed connection
2025-05-10T20:41:47.035Z [ERROR]: Kafka consumer crashed: undefined. Reconnecting...
2025-05-10T20:41:47.036Z [INFO]: Connected to Kafka
2025-05-10T20:41:47.037Z [ERROR]: Failed to setup Kafka consumer: Closed connection
2025-05-10T20:41:47.345Z [ERROR]: Kafka consumer crashed: undefined. Reconnecting...
2025-05-10T20:41:47.346Z [INFO]: Connected to Kafka
2025-05-10T20:41:47.347Z [ERROR]: Failed to setup Kafka consumer: Closed connection
2025-05-10T20:41:47.659Z [ERROR]: Kafka consumer crashed: undefined. Reconnecting...
2025-05-10T20:41:47.661Z [INFO]: Connected to Kafka
2025-05-10T20:41:47.661Z [ERROR]: Failed to setup Kafka consumer: Closed connection
2025-05-10T20:41:47.971Z [ERROR]: Kafka consumer crashed: undefined. Reconnecting...
2025-05-10T20:41:47.972Z [INFO]: Connected to Kafka
2025-05-10T20:41:47.973Z [ERROR]: Failed to setup Kafka consumer: Closed connection
2025-05-10T20:41:48.283Z [ERROR]: Kafka consumer crashed: undefined. Reconnecting...
2025-05-10T20:41:48.284Z [INFO]: Connected to Kafka
2025-05-10T20:41:48.285Z [ERROR]: Failed to setup Kafka consumer: Closed connection
2025-05-10T20:41:48.594Z [ERROR]: Kafka consumer crashed: undefined. Reconnecting...
2025-05-10T20:41:48.594Z [INFO]: Connected to Kafka
2025-05-10T20:41:48.595Z [ERROR]: Failed to setup Kafka consumer: Closed connection
2025-05-10T20:41:48.905Z [ERROR]: Kafka consumer crashed: undefined. Reconnecting...
2025-05-10T20:41:48.907Z [INFO]: Connected to Kafka
2025-05-10T20:41:48.907Z [ERROR]: Failed to setup Kafka consumer: Closed connection
2025-05-10T20:41:49.218Z [ERROR]: Kafka consumer crashed: undefined. Reconnecting...
2025-05-10T20:41:49.219Z [INFO]: Connected to Kafka
2025-05-10T20:41:49.220Z [ERROR]: Failed to setup Kafka consumer: Closed connection
2025-05-10T20:41:49.530Z [ERROR]: Kafka consumer crashed: undefined. Reconnecting...
2025-05-10T20:41:49.532Z [INFO]: Connected to Kafka
2025-05-10T20:41:49.532Z [ERROR]: Failed to setup Kafka consumer: Closed connection
2025-05-10T20:41:49.841Z [ERROR]: Kafka consumer crashed: undefined. Reconnecting...
2025-05-10T20:41:49.843Z [INFO]: Connected to Kafka
2025-05-10T20:41:49.844Z [ERROR]: Failed to setup Kafka consumer: Closed connection
2025-05-10T20:41:50.152Z [ERROR]: Kafka consumer crashed: undefined. Reconnecting...
2025-05-10T20:41:50.153Z [INFO]: Connected to Kafka
2025-05-10T20:41:50.154Z [ERROR]: Failed to setup Kafka consumer: Closed connection
2025-05-10T20:41:50.466Z [ERROR]: Kafka consumer crashed: undefined. Reconnecting...
2025-05-10T20:41:50.467Z [INFO]: Connected to Kafka
2025-05-10T20:41:50.469Z [ERROR]: Failed to setup Kafka consumer: Closed connection
2025-05-10T20:41:50.779Z [ERROR]: Kafka consumer crashed: undefined. Reconnecting...
2025-05-10T20:41:50.780Z [INFO]: Connected to Kafka
2025-05-10T20:41:50.780Z [ERROR]: Failed to setup Kafka consumer: Closed connection
2025-05-10T20:41:51.091Z [ERROR]: Kafka consumer crashed: undefined. Reconnecting...
2025-05-10T20:41:51.092Z [INFO]: Connected to Kafka
2025-05-10T20:41:51.093Z [ERROR]: Failed to setup Kafka consumer: Closed connection
2025-05-10T20:41:51.404Z [ERROR]: Kafka consumer crashed: undefined. Reconnecting...
2025-05-10T20:41:51.405Z [INFO]: Connected to Kafka
2025-05-10T20:41:51.406Z [ERROR]: Failed to setup Kafka consumer: Closed connection
2025-05-10T20:41:51.720Z [ERROR]: Kafka consumer crashed: undefined. Reconnecting...
2025-05-10T20:41:51.721Z [INFO]: Connected to Kafka
2025-05-10T20:41:51.721Z [ERROR]: Failed to setup Kafka consumer: Closed connection
2025-05-10T20:41:52.033Z [ERROR]: Kafka consumer crashed: undefined. Reconnecting...
2025-05-10T20:41:52.035Z [INFO]: Connected to Kafka
2025-05-10T20:41:52.036Z [ERROR]: Failed to setup Kafka consumer: Closed connection
2025-05-10T20:41:52.341Z [ERROR]: Kafka consumer crashed: undefined. Reconnecting...
2025-05-10T20:41:52.342Z [INFO]: Connected to Kafka
2025-05-10T20:41:52.342Z [ERROR]: Failed to setup Kafka consumer: Closed connection
2025-05-10T20:41:52.654Z [ERROR]: Kafka consumer crashed: undefined. Reconnecting...
2025-05-10T20:41:52.655Z [INFO]: Connected to Kafka
2025-05-10T20:41:52.656Z [ERROR]: Failed to setup Kafka consumer: Closed connection
2025-05-10T20:41:52.966Z [ERROR]: Kafka consumer crashed: undefined. Reconnecting...
2025-05-10T20:41:52.968Z [INFO]: Connected to Kafka
2025-05-10T20:41:52.969Z [ERROR]: Failed to setup Kafka consumer: Closed connection
2025-05-10T20:41:53.280Z [ERROR]: Kafka consumer crashed: undefined. Reconnecting...
2025-05-10T20:41:53.281Z [INFO]: Connected to Kafka
2025-05-10T20:41:53.282Z [ERROR]: Failed to setup Kafka consumer: Closed connection
2025-05-10T20:41:53.598Z [ERROR]: Kafka consumer crashed: undefined. Reconnecting...
2025-05-10T20:41:53.600Z [INFO]: Connected to Kafka
2025-05-10T20:41:53.601Z [ERROR]: Failed to setup Kafka consumer: Closed connection
2025-05-10T20:41:53.910Z [ERROR]: Kafka consumer crashed: undefined. Reconnecting...
2025-05-10T20:41:53.912Z [INFO]: Connected to Kafka
2025-05-10T20:41:53.912Z [ERROR]: Failed to setup Kafka consumer: Closed connection
2025-05-10T20:41:54.224Z [ERROR]: Kafka consumer crashed: undefined. Reconnecting...
2025-05-10T20:41:54.225Z [INFO]: Connected to Kafka
2025-05-10T20:41:54.225Z [ERROR]: Failed to setup Kafka consumer: Closed connection
2025-05-10T20:41:54.535Z [ERROR]: Kafka consumer crashed: undefined. Reconnecting...
2025-05-10T20:41:54.536Z [INFO]: Connected to Kafka
2025-05-10T20:41:54.537Z [ERROR]: Failed to setup Kafka consumer: Closed connection
2025-05-10T20:41:54.841Z [ERROR]: Kafka consumer crashed: undefined. Reconnecting...
2025-05-10T20:41:54.842Z [INFO]: Connected to Kafka
2025-05-10T20:41:54.843Z [ERROR]: Failed to setup Kafka consumer: Closed connection
2025-05-10T20:41:55.154Z [ERROR]: Kafka consumer crashed: undefined. Reconnecting...
2025-05-10T20:41:55.155Z [INFO]: Connected to Kafka
2025-05-10T20:41:55.156Z [ERROR]: Failed to setup Kafka consumer: Closed connection
2025-05-10T20:41:55.465Z [ERROR]: Kafka consumer crashed: undefined. Reconnecting...
2025-05-10T20:41:55.466Z [INFO]: Connected to Kafka
2025-05-10T20:41:55.467Z [ERROR]: Failed to setup Kafka consumer: Closed connection
2025-05-10T20:41:55.778Z [ERROR]: Kafka consumer crashed: undefined. Reconnecting...
2025-05-10T20:41:55.779Z [INFO]: Connected to Kafka
2025-05-10T20:41:55.780Z [ERROR]: Failed to setup Kafka consumer: Closed connection
2025-05-10T20:41:56.090Z [ERROR]: Kafka consumer crashed: undefined. Reconnecting...
2025-05-10T20:41:56.091Z [INFO]: Connected to Kafka
2025-05-10T20:41:56.093Z [ERROR]: Failed to setup Kafka consumer: Closed connection
2025-05-10T20:41:56.399Z [ERROR]: Kafka consumer crashed: undefined. Reconnecting...
2025-05-10T20:41:56.400Z [INFO]: Connected to Kafka
2025-05-10T20:41:56.400Z [ERROR]: Failed to setup Kafka consumer: Closed connection
2025-05-10T20:41:56.709Z [ERROR]: Kafka consumer crashed: undefined. Reconnecting...
2025-05-10T20:41:56.711Z [INFO]: Connected to Kafka
2025-05-10T20:41:56.711Z [ERROR]: Failed to setup Kafka consumer: Closed connection
2025-05-10T20:41:57.022Z [ERROR]: Kafka consumer crashed: undefined. Reconnecting...
2025-05-10T20:41:57.023Z [INFO]: Connected to Kafka
2025-05-10T20:41:57.024Z [ERROR]: Failed to setup Kafka consumer: Closed connection
2025-05-10T20:41:57.334Z [ERROR]: Kafka consumer crashed: undefined. Reconnecting...
2025-05-10T20:41:57.335Z [INFO]: Connected to Kafka
2025-05-10T20:41:57.335Z [ERROR]: Failed to setup Kafka consumer: Closed connection
2025-05-10T20:41:57.645Z [ERROR]: Kafka consumer crashed: undefined. Reconnecting...
2025-05-10T20:41:57.647Z [INFO]: Connected to Kafka
2025-05-10T20:41:57.648Z [ERROR]: Failed to setup Kafka consumer: Closed connection
2025-05-10T20:41:57.962Z [ERROR]: Kafka consumer crashed: undefined. Reconnecting...
2025-05-10T20:41:57.963Z [INFO]: Connected to Kafka
2025-05-10T20:41:57.964Z [ERROR]: Failed to setup Kafka consumer: Closed connection
2025-05-10T20:41:58.274Z [ERROR]: Kafka consumer crashed: undefined. Reconnecting...
2025-05-10T20:41:58.276Z [INFO]: Connected to Kafka
2025-05-10T20:41:58.277Z [ERROR]: Failed to setup Kafka consumer: Closed connection
2025-05-10T20:41:58.588Z [ERROR]: Kafka consumer crashed: undefined. Reconnecting...
2025-05-10T20:41:58.605Z [INFO]: Connected to Kafka
2025-05-10T20:41:58.607Z [ERROR]: Failed to setup Kafka consumer: Closed connection
2025-05-10T20:41:58.899Z [ERROR]: Kafka consumer crashed: undefined. Reconnecting...
2025-05-10T20:41:58.901Z [INFO]: Connected to Kafka
2025-05-10T20:41:58.902Z [ERROR]: Failed to setup Kafka consumer: Closed connection
2025-05-10T20:41:59.212Z [ERROR]: Kafka consumer crashed: undefined. Reconnecting...
2025-05-10T20:41:59.215Z [INFO]: Connected to Kafka
2025-05-10T20:41:59.216Z [ERROR]: Failed to setup Kafka consumer: Closed connection
2025-05-10T20:41:59.526Z [ERROR]: Kafka consumer crashed: undefined. Reconnecting...
2025-05-10T20:41:59.527Z [INFO]: Connected to Kafka
2025-05-10T20:41:59.527Z [ERROR]: Failed to setup Kafka consumer: Closed connection
2025-05-10T20:41:59.837Z [ERROR]: Kafka consumer crashed: undefined. Reconnecting...
2025-05-10T20:41:59.838Z [INFO]: Connected to Kafka
2025-05-10T20:41:59.839Z [ERROR]: Failed to setup Kafka consumer: Closed connection
2025-05-10T20:42:00.151Z [ERROR]: Kafka consumer crashed: undefined. Reconnecting...
2025-05-10T20:42:00.152Z [INFO]: Connected to Kafka
2025-05-10T20:42:00.153Z [ERROR]: Failed to setup Kafka consumer: Closed connection
2025-05-10T20:42:00.463Z [ERROR]: Kafka consumer crashed: undefined. Reconnecting...
2025-05-10T20:42:00.464Z [INFO]: Connected to Kafka
2025-05-10T20:42:00.465Z [ERROR]: Failed to setup Kafka consumer: Closed connection
2025-05-10T20:42:00.773Z [ERROR]: Kafka consumer crashed: undefined. Reconnecting...
2025-05-10T20:42:00.774Z [INFO]: Connected to Kafka
2025-05-10T20:42:00.775Z [ERROR]: Failed to setup Kafka consumer: Closed connection
2025-05-10T20:42:01.086Z [ERROR]: Kafka consumer crashed: undefined. Reconnecting...
2025-05-10T20:42:01.087Z [INFO]: Connected to Kafka
2025-05-10T20:42:01.088Z [ERROR]: Failed to setup Kafka consumer: Closed connection
2025-05-10T20:42:01.396Z [ERROR]: Kafka consumer crashed: undefined. Reconnecting...
2025-05-10T20:42:01.397Z [INFO]: Connected to Kafka
2025-05-10T20:42:01.397Z [ERROR]: Failed to setup Kafka consumer: Closed connection
2025-05-10T20:42:01.709Z [ERROR]: Kafka consumer crashed: undefined. Reconnecting...
2025-05-10T20:42:01.710Z [INFO]: Connected to Kafka
2025-05-10T20:42:01.711Z [ERROR]: Failed to setup Kafka consumer: Closed connection
2025-05-10T20:42:02.021Z [ERROR]: Kafka consumer crashed: undefined. Reconnecting...
2025-05-10T20:42:02.022Z [INFO]: Connected to Kafka
2025-05-10T20:42:02.023Z [ERROR]: Failed to setup Kafka consumer: Closed connection
2025-05-10T20:42:02.328Z [ERROR]: Kafka consumer crashed: undefined. Reconnecting...
2025-05-10T20:42:02.329Z [INFO]: Connected to Kafka
2025-05-10T20:42:02.329Z [ERROR]: Failed to setup Kafka consumer: Closed connection
2025-05-10T20:42:02.638Z [ERROR]: Kafka consumer crashed: undefined. Reconnecting...
2025-05-10T20:42:02.638Z [INFO]: Connected to Kafka
2025-05-10T20:42:02.639Z [ERROR]: Failed to setup Kafka consumer: Closed connection
2025-05-10T20:42:02.950Z [ERROR]: Kafka consumer crashed: undefined. Reconnecting...
2025-05-10T20:42:02.951Z [INFO]: Connected to Kafka
2025-05-10T20:42:02.952Z [ERROR]: Failed to setup Kafka consumer: Closed connection
2025-05-10T20:42:03.261Z [ERROR]: Kafka consumer crashed: undefined. Reconnecting...
2025-05-10T20:42:03.262Z [INFO]: Connected to Kafka
2025-05-10T20:42:03.263Z [ERROR]: Failed to setup Kafka consumer: Closed connection
2025-05-10T20:42:03.574Z [ERROR]: Kafka consumer crashed: undefined. Reconnecting...
2025-05-10T20:42:03.575Z [INFO]: Connected to Kafka
2025-05-10T20:42:03.576Z [ERROR]: Failed to setup Kafka consumer: Closed connection
2025-05-10T20:42:03.889Z [ERROR]: Kafka consumer crashed: undefined. Reconnecting...
2025-05-10T20:42:03.890Z [INFO]: Connected to Kafka
2025-05-10T20:42:03.891Z [ERROR]: Failed to setup Kafka consumer: Closed connection
2025-05-10T20:42:04.200Z [ERROR]: Kafka consumer crashed: undefined. Reconnecting...
2025-05-10T20:42:04.202Z [INFO]: Connected to Kafka
2025-05-10T20:42:04.202Z [ERROR]: Failed to setup Kafka consumer: Closed connection
2025-05-10T20:42:04.512Z [ERROR]: Kafka consumer crashed: undefined. Reconnecting...
2025-05-10T20:42:04.513Z [INFO]: Connected to Kafka
2025-05-10T20:42:04.514Z [ERROR]: Failed to setup Kafka consumer: Closed connection
2025-05-10T20:42:04.826Z [ERROR]: Kafka consumer crashed: undefined. Reconnecting...
2025-05-10T20:42:04.828Z [INFO]: Connected to Kafka
2025-05-10T20:42:04.828Z [ERROR]: Failed to setup Kafka consumer: Closed connection
2025-05-10T20:42:05.138Z [ERROR]: Kafka consumer crashed: undefined. Reconnecting...
2025-05-10T20:42:05.139Z [INFO]: Connected to Kafka
2025-05-10T20:42:05.140Z [ERROR]: Failed to setup Kafka consumer: Closed connection
2025-05-10T20:42:05.446Z [ERROR]: Kafka consumer crashed: undefined. Reconnecting...
2025-05-10T20:42:05.447Z [INFO]: Connected to Kafka
2025-05-10T20:42:05.447Z [ERROR]: Failed to setup Kafka consumer: Closed connection
2025-05-10T20:42:05.761Z [ERROR]: Kafka consumer crashed: undefined. Reconnecting...
2025-05-10T20:42:05.762Z [INFO]: Connected to Kafka
2025-05-10T20:42:05.763Z [ERROR]: Failed to setup Kafka consumer: Closed connection
2025-05-10T20:42:06.073Z [ERROR]: Kafka consumer crashed: undefined. Reconnecting...
2025-05-10T20:42:06.075Z [INFO]: Connected to Kafka
2025-05-10T20:42:06.075Z [ERROR]: Failed to setup Kafka consumer: Closed connection
2025-05-10T20:42:06.386Z [ERROR]: Kafka consumer crashed: undefined. Reconnecting...
2025-05-10T20:42:06.387Z [INFO]: Connected to Kafka
2025-05-10T20:42:06.388Z [ERROR]: Failed to setup Kafka consumer: Closed connection
2025-05-10T20:42:06.700Z [ERROR]: Kafka consumer crashed: undefined. Reconnecting...
2025-05-10T20:42:06.702Z [INFO]: Connected to Kafka
2025-05-10T20:42:06.703Z [ERROR]: Failed to setup Kafka consumer: Closed connection
2025-05-10T20:42:07.013Z [ERROR]: Kafka consumer crashed: undefined. Reconnecting...
2025-05-10T20:42:07.014Z [INFO]: Connected to Kafka
2025-05-10T20:42:07.014Z [ERROR]: Failed to setup Kafka consumer: Closed connection
2025-05-10T20:42:07.321Z [ERROR]: Kafka consumer crashed: undefined. Reconnecting...
2025-05-10T20:42:07.321Z [INFO]: Connected to Kafka
2025-05-10T20:42:07.322Z [ERROR]: Failed to setup Kafka consumer: Closed connection
2025-05-10T20:42:07.636Z [ERROR]: Kafka consumer crashed: undefined. Reconnecting...
2025-05-10T20:42:07.637Z [INFO]: Connected to Kafka
2025-05-10T20:42:07.638Z [ERROR]: Failed to setup Kafka consumer: Closed connection
2025-05-10T20:42:07.949Z [ERROR]: Kafka consumer crashed: undefined. Reconnecting...
2025-05-10T20:42:07.951Z [INFO]: Connected to Kafka
2025-05-10T20:42:07.953Z [ERROR]: Failed to setup Kafka consumer: Closed connection
2025-05-10T20:42:08.266Z [ERROR]: Kafka consumer crashed: undefined. Reconnecting...
2025-05-10T20:42:08.267Z [INFO]: Connected to Kafka
2025-05-10T20:42:08.268Z [ERROR]: Failed to setup Kafka consumer: Closed connection
2025-05-10T20:42:08.580Z [ERROR]: Kafka consumer crashed: undefined. Reconnecting...
2025-05-10T20:42:08.581Z [INFO]: Connected to Kafka
2025-05-10T20:42:08.583Z [ERROR]: Failed to setup Kafka consumer: Closed connection
2025-05-10T20:42:08.890Z [ERROR]: Kafka consumer crashed: undefined. Reconnecting...
2025-05-10T20:42:08.890Z [INFO]: Connected to Kafka
2025-05-10T20:42:08.891Z [ERROR]: Failed to setup Kafka consumer: Closed connection
2025-05-10T20:42:09.202Z [ERROR]: Kafka consumer crashed: undefined. Reconnecting...
2025-05-10T20:42:09.203Z [INFO]: Connected to Kafka
2025-05-10T20:42:09.204Z [ERROR]: Failed to setup Kafka consumer: Closed connection
2025-05-10T20:42:09.523Z [ERROR]: Kafka consumer crashed: undefined. Reconnecting...
2025-05-10T20:42:09.525Z [INFO]: Connected to Kafka
2025-05-10T20:42:09.525Z [ERROR]: Failed to setup Kafka consumer: Closed connection
2025-05-10T20:42:09.834Z [ERROR]: Kafka consumer crashed: undefined. Reconnecting...
2025-05-10T20:42:09.835Z [INFO]: Connected to Kafka
2025-05-10T20:42:09.835Z [ERROR]: Failed to setup Kafka consumer: Closed connection
2025-05-10T20:42:10.146Z [ERROR]: Kafka consumer crashed: undefined. Reconnecting...
2025-05-10T20:42:10.148Z [INFO]: Connected to Kafka
2025-05-10T20:42:10.148Z [ERROR]: Failed to setup Kafka consumer: Closed connection
2025-05-10T20:42:10.461Z [ERROR]: Kafka consumer crashed: undefined. Reconnecting...
2025-05-10T20:42:10.462Z [INFO]: Connected to Kafka
2025-05-10T20:42:10.463Z [ERROR]: Failed to setup Kafka consumer: Closed connection
2025-05-10T20:42:10.774Z [ERROR]: Kafka consumer crashed: undefined. Reconnecting...
2025-05-10T20:42:10.775Z [INFO]: Connected to Kafka
2025-05-10T20:42:10.776Z [ERROR]: Failed to setup Kafka consumer: Closed connection
2025-05-10T20:42:11.086Z [ERROR]: Kafka consumer crashed: undefined. Reconnecting...
2025-05-10T20:42:11.087Z [INFO]: Connected to Kafka
2025-05-10T20:42:11.087Z [ERROR]: Failed to setup Kafka consumer: Closed connection
2025-05-10T20:42:11.398Z [ERROR]: Kafka consumer crashed: undefined. Reconnecting...
2025-05-10T20:42:11.399Z [INFO]: Connected to Kafka
2025-05-10T20:42:11.400Z [ERROR]: Failed to setup Kafka consumer: Closed connection
2025-05-10T20:42:11.708Z [ERROR]: Kafka consumer crashed: undefined. Reconnecting...
2025-05-10T20:42:11.710Z [INFO]: Connected to Kafka
2025-05-10T20:42:11.711Z [ERROR]: Failed to setup Kafka consumer: Closed connection
2025-05-10T20:42:12.020Z [ERROR]: Kafka consumer crashed: undefined. Reconnecting...
2025-05-10T20:42:12.021Z [INFO]: Connected to Kafka
2025-05-10T20:42:12.022Z [ERROR]: Failed to setup Kafka consumer: Closed connection
2025-05-10T20:42:12.326Z [ERROR]: Kafka consumer crashed: undefined. Reconnecting...
2025-05-10T20:42:12.327Z [INFO]: Connected to Kafka
2025-05-10T20:42:12.327Z [ERROR]: Failed to setup Kafka consumer: Closed connection
2025-05-10T20:42:12.636Z [ERROR]: Kafka consumer crashed: undefined. Reconnecting...
2025-05-10T20:42:12.637Z [INFO]: Connected to Kafka
2025-05-10T20:42:12.638Z [ERROR]: Failed to setup Kafka consumer: Closed connection
2025-05-10T20:42:12.943Z [ERROR]: Kafka consumer crashed: undefined. Reconnecting...
2025-05-10T20:42:12.944Z [INFO]: Connected to Kafka
2025-05-10T20:42:12.945Z [ERROR]: Failed to setup Kafka consumer: Closed connection
2025-05-10T20:42:13.253Z [ERROR]: Kafka consumer crashed: undefined. Reconnecting...
2025-05-10T20:42:13.254Z [INFO]: Connected to Kafka
2025-05-10T20:42:13.254Z [ERROR]: Failed to setup Kafka consumer: Closed connection
2025-05-10T20:42:13.564Z [ERROR]: Kafka consumer crashed: undefined. Reconnecting...
2025-05-10T20:42:13.565Z [INFO]: Connected to Kafka
2025-05-10T20:42:13.566Z [ERROR]: Failed to setup Kafka consumer: Closed connection
2025-05-10T20:42:13.875Z [ERROR]: Kafka consumer crashed: undefined. Reconnecting...
2025-05-10T20:42:13.876Z [INFO]: Connected to Kafka
2025-05-10T20:42:13.880Z [ERROR]: Failed to setup Kafka consumer: Closed connection
2025-05-10T20:42:14.190Z [ERROR]: Kafka consumer crashed: undefined. Reconnecting...
2025-05-10T20:42:14.191Z [INFO]: Connected to Kafka
2025-05-10T20:42:14.193Z [ERROR]: Failed to setup Kafka consumer: Closed connection
2025-05-10T20:42:14.501Z [ERROR]: Kafka consumer crashed: undefined. Reconnecting...
2025-05-10T20:42:14.502Z [INFO]: Connected to Kafka
2025-05-10T20:42:14.503Z [ERROR]: Failed to setup Kafka consumer: Closed connection
2025-05-10T20:42:14.813Z [ERROR]: Kafka consumer crashed: undefined. Reconnecting...
2025-05-10T20:42:14.814Z [INFO]: Connected to Kafka
2025-05-10T20:42:14.814Z [ERROR]: Failed to setup Kafka consumer: Closed connection
2025-05-10T20:42:15.123Z [ERROR]: Kafka consumer crashed: undefined. Reconnecting...
2025-05-10T20:42:15.124Z [INFO]: Connected to Kafka
2025-05-10T20:42:15.125Z [ERROR]: Failed to setup Kafka consumer: Closed connection
2025-05-10T20:42:15.434Z [ERROR]: Kafka consumer crashed: undefined. Reconnecting...
2025-05-10T20:42:15.435Z [INFO]: Connected to Kafka
2025-05-10T20:42:15.436Z [ERROR]: Failed to setup Kafka consumer: Closed connection
2025-05-10T20:42:15.747Z [ERROR]: Kafka consumer crashed: undefined. Reconnecting...
2025-05-10T20:42:15.748Z [INFO]: Connected to Kafka
2025-05-10T20:42:15.749Z [ERROR]: Failed to setup Kafka consumer: Closed connection
2025-05-10T20:42:16.059Z [ERROR]: Kafka consumer crashed: undefined. Reconnecting...
2025-05-10T20:42:16.061Z [INFO]: Connected to Kafka
2025-05-10T20:42:16.061Z [ERROR]: Failed to setup Kafka consumer: Closed connection
2025-05-10T20:42:16.374Z [ERROR]: Kafka consumer crashed: undefined. Reconnecting...
2025-05-10T20:42:16.375Z [INFO]: Connected to Kafka
2025-05-10T20:42:16.376Z [ERROR]: Failed to setup Kafka consumer: Closed connection
2025-05-10T20:42:16.686Z [ERROR]: Kafka consumer crashed: undefined. Reconnecting...
2025-05-10T20:42:16.687Z [INFO]: Connected to Kafka
2025-05-10T20:42:16.688Z [ERROR]: Failed to setup Kafka consumer: Closed connection
2025-05-10T20:42:16.998Z [ERROR]: Kafka consumer crashed: undefined. Reconnecting...
2025-05-10T20:42:16.999Z [INFO]: Connected to Kafka
2025-05-10T20:42:17.000Z [ERROR]: Failed to setup Kafka consumer: Closed connection
2025-05-10T20:42:17.308Z [ERROR]: Kafka consumer crashed: undefined. Reconnecting...
2025-05-10T20:42:17.309Z [INFO]: Connected to Kafka
2025-05-10T20:42:17.312Z [ERROR]: Failed to setup Kafka consumer: Closed connection
2025-05-10T20:42:17.620Z [ERROR]: Kafka consumer crashed: undefined. Reconnecting...
2025-05-10T20:42:17.621Z [INFO]: Connected to Kafka
2025-05-10T20:42:17.622Z [ERROR]: Failed to setup Kafka consumer: Closed connection
2025-05-10T20:42:17.932Z [ERROR]: Kafka consumer crashed: undefined. Reconnecting...
2025-05-10T20:42:17.933Z [INFO]: Connected to Kafka
2025-05-10T20:42:17.933Z [ERROR]: Failed to setup Kafka consumer: Closed connection
2025-05-10T20:42:18.242Z [ERROR]: Kafka consumer crashed: undefined. Reconnecting...
2025-05-10T20:42:18.243Z [INFO]: Connected to Kafka
2025-05-10T20:42:18.244Z [ERROR]: Failed to setup Kafka consumer: Closed connection
2025-05-10T20:42:18.556Z [ERROR]: Kafka consumer crashed: undefined. Reconnecting...
2025-05-10T20:42:18.557Z [INFO]: Connected to Kafka
2025-05-10T20:42:18.557Z [ERROR]: Failed to setup Kafka consumer: Closed connection
2025-05-10T20:42:18.868Z [ERROR]: Kafka consumer crashed: undefined. Reconnecting...
2025-05-10T20:42:18.869Z [INFO]: Connected to Kafka
2025-05-10T20:42:18.871Z [ERROR]: Failed to setup Kafka consumer: Closed connection
2025-05-10T20:42:19.179Z [ERROR]: Kafka consumer crashed: undefined. Reconnecting...
2025-05-10T20:42:19.180Z [INFO]: Connected to Kafka
2025-05-10T20:42:19.181Z [ERROR]: Failed to setup Kafka consumer: Closed connection
2025-05-10T20:42:19.489Z [ERROR]: Kafka consumer crashed: undefined. Reconnecting...
2025-05-10T20:42:19.490Z [INFO]: Connected to Kafka
2025-05-10T20:42:19.492Z [ERROR]: Failed to setup Kafka consumer: Closed connection
2025-05-10T20:42:19.801Z [ERROR]: Kafka consumer crashed: undefined. Reconnecting...
2025-05-10T20:42:19.802Z [INFO]: Connected to Kafka
2025-05-10T20:42:19.802Z [ERROR]: Failed to setup Kafka consumer: Closed connection
2025-05-10T20:42:20.111Z [ERROR]: Kafka consumer crashed: undefined. Reconnecting...
2025-05-10T20:42:20.112Z [INFO]: Connected to Kafka
2025-05-10T20:42:20.113Z [ERROR]: Failed to setup Kafka consumer: Closed connection
2025-05-10T20:42:20.424Z [ERROR]: Kafka consumer crashed: undefined. Reconnecting...
2025-05-10T20:42:20.425Z [INFO]: Connected to Kafka
2025-05-10T20:42:20.425Z [ERROR]: Failed to setup Kafka consumer: Closed connection
2025-05-10T20:42:20.735Z [ERROR]: Kafka consumer crashed: undefined. Reconnecting...
2025-05-10T20:42:20.736Z [INFO]: Connected to Kafka
2025-05-10T20:42:20.737Z [ERROR]: Failed to setup Kafka consumer: Closed connection
2025-05-10T20:42:21.049Z [ERROR]: Kafka consumer crashed: undefined. Reconnecting...
2025-05-10T20:42:21.050Z [INFO]: Connected to Kafka
2025-05-10T20:42:21.051Z [ERROR]: Failed to setup Kafka consumer: Closed connection
2025-05-10T20:42:21.359Z [ERROR]: Kafka consumer crashed: undefined. Reconnecting...
2025-05-10T20:42:21.360Z [INFO]: Connected to Kafka
2025-05-10T20:42:21.361Z [ERROR]: Failed to setup Kafka consumer: Closed connection
2025-05-10T20:42:21.668Z [ERROR]: Kafka consumer crashed: undefined. Reconnecting...
2025-05-10T20:42:21.669Z [INFO]: Connected to Kafka
2025-05-10T20:42:21.670Z [ERROR]: Failed to setup Kafka consumer: Closed connection
2025-05-10T20:42:21.979Z [ERROR]: Kafka consumer crashed: undefined. Reconnecting...
2025-05-10T20:42:21.980Z [INFO]: Connected to Kafka
2025-05-10T20:42:21.980Z [ERROR]: Failed to setup Kafka consumer: Closed connection
2025-05-10T20:42:22.285Z [ERROR]: Kafka consumer crashed: undefined. Reconnecting...
2025-05-10T20:42:22.286Z [INFO]: Connected to Kafka
2025-05-10T20:42:22.286Z [ERROR]: Failed to setup Kafka consumer: Closed connection
2025-05-10T20:42:22.602Z [ERROR]: Kafka consumer crashed: undefined. Reconnecting...
2025-05-10T20:42:22.603Z [INFO]: Connected to Kafka
2025-05-10T20:42:22.604Z [ERROR]: Failed to setup Kafka consumer: Closed connection
2025-05-10T20:42:22.912Z [ERROR]: Kafka consumer crashed: undefined. Reconnecting...
2025-05-10T20:42:22.914Z [INFO]: Connected to Kafka
2025-05-10T20:42:22.915Z [ERROR]: Failed to setup Kafka consumer: Closed connection
2025-05-10T20:42:23.224Z [ERROR]: Kafka consumer crashed: undefined. Reconnecting...
2025-05-10T20:42:23.226Z [INFO]: Connected to Kafka
2025-05-10T20:42:23.226Z [ERROR]: Failed to setup Kafka consumer: Closed connection
2025-05-10T20:42:23.534Z [ERROR]: Kafka consumer crashed: undefined. Reconnecting...
2025-05-10T20:42:23.535Z [INFO]: Connected to Kafka
2025-05-10T20:42:23.535Z [ERROR]: Failed to setup Kafka consumer: Closed connection
2025-05-10T20:42:23.844Z [ERROR]: Kafka consumer crashed: undefined. Reconnecting...
2025-05-10T20:42:23.845Z [INFO]: Connected to Kafka
2025-05-10T20:42:23.846Z [ERROR]: Failed to setup Kafka consumer: Closed connection
2025-05-10T20:42:24.157Z [ERROR]: Kafka consumer crashed: undefined. Reconnecting...
2025-05-10T20:42:24.158Z [INFO]: Connected to Kafka
2025-05-10T20:42:24.159Z [ERROR]: Failed to setup Kafka consumer: Closed connection
2025-05-10T20:42:24.469Z [ERROR]: Kafka consumer crashed: undefined. Reconnecting...
2025-05-10T20:42:24.470Z [INFO]: Connected to Kafka
2025-05-10T20:42:24.470Z [ERROR]: Failed to setup Kafka consumer: Closed connection
2025-05-10T20:42:24.780Z [ERROR]: Kafka consumer crashed: undefined. Reconnecting...
2025-05-10T20:42:24.781Z [INFO]: Connected to Kafka
2025-05-10T20:42:24.785Z [ERROR]: Failed to setup Kafka consumer: Closed connection
2025-05-10T20:42:25.087Z [ERROR]: Kafka consumer crashed: undefined. Reconnecting...
2025-05-10T20:42:25.088Z [INFO]: Connected to Kafka
2025-05-10T20:42:25.088Z [ERROR]: Failed to setup Kafka consumer: Closed connection
2025-05-10T20:42:25.398Z [ERROR]: Kafka consumer crashed: undefined. Reconnecting...
2025-05-10T20:42:25.399Z [INFO]: Connected to Kafka
2025-05-10T20:42:25.400Z [ERROR]: Failed to setup Kafka consumer: Closed connection
2025-05-10T20:42:25.711Z [ERROR]: Kafka consumer crashed: undefined. Reconnecting...
2025-05-10T20:42:25.712Z [INFO]: Connected to Kafka
2025-05-10T20:42:25.713Z [ERROR]: Failed to setup Kafka consumer: Closed connection
2025-05-10T20:42:26.024Z [ERROR]: Kafka consumer crashed: undefined. Reconnecting...
2025-05-10T20:42:26.025Z [INFO]: Connected to Kafka
2025-05-10T20:42:26.025Z [ERROR]: Failed to setup Kafka consumer: Closed connection
2025-05-10T20:42:26.334Z [ERROR]: Kafka consumer crashed: undefined. Reconnecting...
2025-05-10T20:42:26.336Z [INFO]: Connected to Kafka
2025-05-10T20:42:26.336Z [ERROR]: Failed to setup Kafka consumer: Closed connection
2025-05-10T20:42:26.645Z [ERROR]: Kafka consumer crashed: undefined. Reconnecting...
2025-05-10T20:42:26.646Z [INFO]: Connected to Kafka
2025-05-10T20:42:26.646Z [ERROR]: Failed to setup Kafka consumer: Closed connection
2025-05-10T20:42:26.953Z [ERROR]: Kafka consumer crashed: undefined. Reconnecting...
2025-05-10T20:42:26.954Z [INFO]: Connected to Kafka
2025-05-10T20:42:26.955Z [ERROR]: Failed to setup Kafka consumer: Closed connection
2025-05-10T20:42:27.262Z [ERROR]: Kafka consumer crashed: undefined. Reconnecting...
2025-05-10T20:42:27.263Z [INFO]: Connected to Kafka
2025-05-10T20:42:27.264Z [ERROR]: Failed to setup Kafka consumer: Closed connection
2025-05-10T20:42:27.570Z [ERROR]: Kafka consumer crashed: undefined. Reconnecting...
2025-05-10T20:42:27.571Z [INFO]: Connected to Kafka
2025-05-10T20:42:27.571Z [ERROR]: Failed to setup Kafka consumer: Closed connection
2025-05-10T20:42:27.878Z [ERROR]: Kafka consumer crashed: undefined. Reconnecting...
2025-05-10T20:42:27.879Z [INFO]: Connected to Kafka
2025-05-10T20:42:27.879Z [ERROR]: Failed to setup Kafka consumer: Connection error: write after end
2025-05-10T20:42:28.189Z [ERROR]: Kafka consumer crashed: undefined. Reconnecting...
2025-05-10T20:42:28.190Z [INFO]: Connected to Kafka
2025-05-10T20:42:28.191Z [ERROR]: Failed to setup Kafka consumer: Closed connection
2025-05-10T20:42:28.501Z [ERROR]: Kafka consumer crashed: undefined. Reconnecting...
2025-05-10T20:42:28.502Z [INFO]: Connected to Kafka
2025-05-10T20:42:28.502Z [ERROR]: Failed to setup Kafka consumer: Closed connection
2025-05-10T20:42:28.809Z [ERROR]: Kafka consumer crashed: undefined. Reconnecting...
2025-05-10T20:42:28.809Z [INFO]: Connected to Kafka
2025-05-10T20:42:28.810Z [ERROR]: Failed to setup Kafka consumer: Closed connection
2025-05-10T20:42:29.119Z [ERROR]: Kafka consumer crashed: undefined. Reconnecting...
2025-05-10T20:42:29.120Z [INFO]: Connected to Kafka
2025-05-10T20:42:29.124Z [ERROR]: Failed to setup Kafka consumer: Closed connection
2025-05-10T20:42:29.431Z [ERROR]: Kafka consumer crashed: undefined. Reconnecting...
2025-05-10T20:42:29.432Z [INFO]: Connected to Kafka
2025-05-10T20:42:29.433Z [ERROR]: Failed to setup Kafka consumer: Closed connection
2025-05-10T20:42:29.740Z [ERROR]: Kafka consumer crashed: undefined. Reconnecting...
2025-05-10T20:42:29.741Z [INFO]: Connected to Kafka
2025-05-10T20:42:29.742Z [ERROR]: Failed to setup Kafka consumer: Closed connection
2025-05-10T20:42:30.052Z [ERROR]: Kafka consumer crashed: undefined. Reconnecting...
2025-05-10T20:42:30.053Z [INFO]: Connected to Kafka
2025-05-10T20:42:30.054Z [ERROR]: Failed to setup Kafka consumer: Closed connection
2025-05-10T20:42:30.363Z [ERROR]: Kafka consumer crashed: undefined. Reconnecting...
2025-05-10T20:42:30.364Z [INFO]: Connected to Kafka
2025-05-10T20:42:30.365Z [ERROR]: Failed to setup Kafka consumer: Closed connection
2025-05-10T20:42:30.672Z [ERROR]: Kafka consumer crashed: undefined. Reconnecting...
2025-05-10T20:42:30.673Z [INFO]: Connected to Kafka
2025-05-10T20:42:30.674Z [ERROR]: Failed to setup Kafka consumer: Closed connection
2025-05-10T20:42:30.983Z [ERROR]: Kafka consumer crashed: undefined. Reconnecting...
2025-05-10T20:42:30.985Z [INFO]: Connected to Kafka
2025-05-10T20:42:30.985Z [ERROR]: Failed to setup Kafka consumer: Closed connection
2025-05-10T20:42:31.295Z [ERROR]: Kafka consumer crashed: undefined. Reconnecting...
2025-05-10T20:42:31.296Z [INFO]: Connected to Kafka
2025-05-10T20:42:31.297Z [ERROR]: Failed to setup Kafka consumer: Closed connection
2025-05-10T20:42:31.605Z [ERROR]: Kafka consumer crashed: undefined. Reconnecting...
2025-05-10T20:42:31.606Z [INFO]: Connected to Kafka
2025-05-10T20:42:31.607Z [ERROR]: Failed to setup Kafka consumer: Closed connection
2025-05-10T20:42:31.915Z [ERROR]: Kafka consumer crashed: undefined. Reconnecting...
2025-05-10T20:42:31.915Z [INFO]: Connected to Kafka
2025-05-10T20:42:31.916Z [ERROR]: Failed to setup Kafka consumer: Closed connection
2025-05-10T20:42:32.220Z [ERROR]: Kafka consumer crashed: undefined. Reconnecting...
2025-05-10T20:42:32.221Z [INFO]: Connected to Kafka
2025-05-10T20:42:32.222Z [ERROR]: Failed to setup Kafka consumer: Connection error: write after end
2025-05-10T20:42:32.532Z [ERROR]: Kafka consumer crashed: undefined. Reconnecting...
2025-05-10T20:42:32.533Z [INFO]: Connected to Kafka
2025-05-10T20:42:32.534Z [ERROR]: Failed to setup Kafka consumer: Closed connection
2025-05-10T20:42:32.844Z [ERROR]: Kafka consumer crashed: undefined. Reconnecting...
2025-05-10T20:42:32.845Z [INFO]: Connected to Kafka
2025-05-10T20:42:32.846Z [ERROR]: Failed to setup Kafka consumer: Closed connection
2025-05-10T20:42:33.156Z [ERROR]: Kafka consumer crashed: undefined. Reconnecting...
2025-05-10T20:42:33.157Z [INFO]: Connected to Kafka
2025-05-10T20:42:33.158Z [ERROR]: Failed to setup Kafka consumer: Closed connection
2025-05-10T20:42:33.467Z [ERROR]: Kafka consumer crashed: undefined. Reconnecting...
2025-05-10T20:42:33.469Z [INFO]: Connected to Kafka
2025-05-10T20:42:33.469Z [ERROR]: Failed to setup Kafka consumer: Closed connection
2025-05-10T20:42:33.775Z [ERROR]: Kafka consumer crashed: undefined. Reconnecting...
2025-05-10T20:42:33.775Z [INFO]: Connected to Kafka
2025-05-10T20:42:33.776Z [ERROR]: Failed to setup Kafka consumer: Closed connection
2025-05-10T20:42:34.085Z [ERROR]: Kafka consumer crashed: undefined. Reconnecting...
2025-05-10T20:42:34.086Z [INFO]: Connected to Kafka
2025-05-10T20:42:34.087Z [ERROR]: Failed to setup Kafka consumer: Closed connection
2025-05-10T20:42:34.397Z [ERROR]: Kafka consumer crashed: undefined. Reconnecting...
2025-05-10T20:42:34.398Z [INFO]: Connected to Kafka
2025-05-10T20:42:34.399Z [ERROR]: Failed to setup Kafka consumer: Closed connection
2025-05-10T20:42:34.707Z [ERROR]: Kafka consumer crashed: undefined. Reconnecting...
2025-05-10T20:42:34.708Z [INFO]: Connected to Kafka
2025-05-10T20:42:34.709Z [ERROR]: Failed to setup Kafka consumer: Closed connection
2025-05-10T20:42:35.017Z [ERROR]: Kafka consumer crashed: undefined. Reconnecting...
2025-05-10T20:42:35.018Z [INFO]: Connected to Kafka
2025-05-10T20:42:35.020Z [ERROR]: Failed to setup Kafka consumer: Closed connection
2025-05-10T20:42:35.327Z [ERROR]: Kafka consumer crashed: undefined. Reconnecting...
2025-05-10T20:42:35.328Z [INFO]: Connected to Kafka
2025-05-10T20:42:35.329Z [ERROR]: Failed to setup Kafka consumer: Closed connection
2025-05-10T20:42:35.639Z [ERROR]: Kafka consumer crashed: undefined. Reconnecting...
2025-05-10T20:42:35.640Z [INFO]: Connected to Kafka
2025-05-10T20:42:35.641Z [ERROR]: Failed to setup Kafka consumer: Closed connection
2025-05-10T20:42:35.950Z [ERROR]: Kafka consumer crashed: undefined. Reconnecting...
2025-05-10T20:42:35.951Z [INFO]: Connected to Kafka
2025-05-10T20:42:35.951Z [ERROR]: Failed to setup Kafka consumer: Closed connection
2025-05-10T20:42:36.261Z [ERROR]: Kafka consumer crashed: undefined. Reconnecting...
2025-05-10T20:42:36.262Z [INFO]: Connected to Kafka
2025-05-10T20:42:36.262Z [ERROR]: Failed to setup Kafka consumer: Closed connection
2025-05-10T20:42:36.571Z [ERROR]: Kafka consumer crashed: undefined. Reconnecting...
2025-05-10T20:42:36.572Z [INFO]: Connected to Kafka
2025-05-10T20:42:36.572Z [ERROR]: Failed to setup Kafka consumer: Closed connection
2025-05-10T20:42:36.880Z [ERROR]: Kafka consumer crashed: undefined. Reconnecting...
2025-05-10T20:42:36.881Z [INFO]: Connected to Kafka
2025-05-10T20:42:36.882Z [ERROR]: Failed to setup Kafka consumer: Closed connection
2025-05-10T20:42:37.191Z [ERROR]: Kafka consumer crashed: undefined. Reconnecting...
2025-05-10T20:42:37.192Z [INFO]: Connected to Kafka
2025-05-10T20:42:37.193Z [ERROR]: Failed to setup Kafka consumer: Closed connection
2025-05-10T20:42:37.504Z [ERROR]: Kafka consumer crashed: undefined. Reconnecting...
2025-05-10T20:42:37.505Z [INFO]: Connected to Kafka
2025-05-10T20:42:37.506Z [ERROR]: Failed to setup Kafka consumer: Closed connection
2025-05-10T20:42:37.815Z [ERROR]: Kafka consumer crashed: undefined. Reconnecting...
2025-05-10T20:42:37.817Z [INFO]: Connected to Kafka
2025-05-10T20:42:37.817Z [ERROR]: Failed to setup Kafka consumer: Closed connection
2025-05-10T20:42:38.127Z [ERROR]: Kafka consumer crashed: undefined. Reconnecting...
2025-05-10T20:42:38.128Z [INFO]: Connected to Kafka
2025-05-10T20:42:38.128Z [ERROR]: Failed to setup Kafka consumer: Closed connection
2025-05-10T20:42:38.438Z [ERROR]: Kafka consumer crashed: undefined. Reconnecting...
2025-05-10T20:42:38.439Z [INFO]: Connected to Kafka
2025-05-10T20:42:38.440Z [ERROR]: Failed to setup Kafka consumer: Closed connection
2025-05-10T20:42:38.747Z [ERROR]: Kafka consumer crashed: undefined. Reconnecting...
2025-05-10T20:42:38.748Z [INFO]: Connected to Kafka
2025-05-10T20:42:38.748Z [ERROR]: Failed to setup Kafka consumer: Closed connection
2025-05-10T20:42:39.058Z [ERROR]: Kafka consumer crashed: undefined. Reconnecting...
2025-05-10T20:42:39.060Z [INFO]: Connected to Kafka
2025-05-10T20:42:39.060Z [ERROR]: Failed to setup Kafka consumer: Closed connection
2025-05-10T20:42:39.369Z [ERROR]: Kafka consumer crashed: undefined. Reconnecting...
2025-05-10T20:42:39.370Z [INFO]: Connected to Kafka
2025-05-10T20:42:39.371Z [ERROR]: Failed to setup Kafka consumer: Closed connection
2025-05-10T20:42:39.681Z [ERROR]: Kafka consumer crashed: undefined. Reconnecting...
2025-05-10T20:42:39.682Z [INFO]: Connected to Kafka
2025-05-10T20:42:39.683Z [ERROR]: Failed to setup Kafka consumer: Closed connection
2025-05-10T20:42:39.990Z [ERROR]: Kafka consumer crashed: undefined. Reconnecting...
2025-05-10T20:42:39.990Z [INFO]: Connected to Kafka
2025-05-10T20:42:39.991Z [ERROR]: Failed to setup Kafka consumer: Closed connection
2025-05-10T20:42:40.298Z [ERROR]: Kafka consumer crashed: undefined. Reconnecting...
2025-05-10T20:42:40.299Z [INFO]: Connected to Kafka
2025-05-10T20:42:40.300Z [ERROR]: Failed to setup Kafka consumer: Closed connection
2025-05-10T20:42:40.608Z [ERROR]: Kafka consumer crashed: undefined. Reconnecting...
2025-05-10T20:42:40.609Z [INFO]: Connected to Kafka
2025-05-10T20:42:40.610Z [ERROR]: Failed to setup Kafka consumer: Closed connection
2025-05-10T20:42:40.921Z [ERROR]: Kafka consumer crashed: undefined. Reconnecting...
2025-05-10T20:42:40.922Z [INFO]: Connected to Kafka
2025-05-10T20:42:40.923Z [ERROR]: Failed to setup Kafka consumer: Closed connection
2025-05-10T20:42:41.232Z [ERROR]: Kafka consumer crashed: undefined. Reconnecting...
2025-05-10T20:42:41.233Z [INFO]: Connected to Kafka
2025-05-10T20:42:41.234Z [ERROR]: Failed to setup Kafka consumer: Closed connection
2025-05-10T20:42:41.542Z [ERROR]: Kafka consumer crashed: undefined. Reconnecting...
2025-05-10T20:42:41.543Z [INFO]: Connected to Kafka
2025-05-10T20:42:41.544Z [ERROR]: Failed to setup Kafka consumer: Closed connection
2025-05-10T20:42:41.852Z [ERROR]: Kafka consumer crashed: undefined. Reconnecting...
2025-05-10T20:42:41.853Z [INFO]: Connected to Kafka
2025-05-10T20:42:41.854Z [ERROR]: Failed to setup Kafka consumer: Closed connection
2025-05-10T20:42:42.159Z [ERROR]: Kafka consumer crashed: undefined. Reconnecting...
2025-05-10T20:42:42.160Z [INFO]: Connected to Kafka
2025-05-10T20:42:42.160Z [ERROR]: Failed to setup Kafka consumer: Connection error: write after end
2025-05-10T20:42:42.471Z [ERROR]: Kafka consumer crashed: undefined. Reconnecting...
2025-05-10T20:42:42.472Z [INFO]: Connected to Kafka
2025-05-10T20:42:42.473Z [ERROR]: Failed to setup Kafka consumer: Closed connection
2025-05-10T20:42:42.780Z [ERROR]: Kafka consumer crashed: undefined. Reconnecting...
2025-05-10T20:42:42.781Z [INFO]: Connected to Kafka
2025-05-10T20:42:42.782Z [ERROR]: Failed to setup Kafka consumer: Closed connection
2025-05-10T20:42:43.090Z [ERROR]: Kafka consumer crashed: undefined. Reconnecting...
2025-05-10T20:42:43.091Z [INFO]: Connected to Kafka
2025-05-10T20:42:43.093Z [ERROR]: Failed to setup Kafka consumer: Closed connection
2025-05-10T20:42:43.402Z [ERROR]: Kafka consumer crashed: undefined. Reconnecting...
2025-05-10T20:42:43.403Z [INFO]: Connected to Kafka
2025-05-10T20:42:43.403Z [ERROR]: Failed to setup Kafka consumer: Closed connection
2025-05-10T20:42:43.713Z [ERROR]: Kafka consumer crashed: undefined. Reconnecting...
2025-05-10T20:42:43.714Z [INFO]: Connected to Kafka
2025-05-10T20:42:43.714Z [ERROR]: Failed to setup Kafka consumer: Closed connection
2025-05-10T20:42:44.024Z [ERROR]: Kafka consumer crashed: undefined. Reconnecting...
2025-05-10T20:42:44.025Z [INFO]: Connected to Kafka
2025-05-10T20:42:44.026Z [ERROR]: Failed to setup Kafka consumer: Closed connection
2025-05-10T20:42:44.336Z [ERROR]: Kafka consumer crashed: undefined. Reconnecting...
2025-05-10T20:42:44.337Z [INFO]: Connected to Kafka
2025-05-10T20:42:44.337Z [ERROR]: Failed to setup Kafka consumer: Closed connection
2025-05-10T20:42:44.644Z [ERROR]: Kafka consumer crashed: undefined. Reconnecting...
2025-05-10T20:42:44.645Z [INFO]: Connected to Kafka
2025-05-10T20:42:44.646Z [ERROR]: Failed to setup Kafka consumer: Closed connection
2025-05-10T20:42:44.954Z [ERROR]: Kafka consumer crashed: undefined. Reconnecting...
2025-05-10T20:42:44.954Z [INFO]: Connected to Kafka
2025-05-10T20:42:44.955Z [ERROR]: Failed to setup Kafka consumer: Closed connection
2025-05-10T20:42:45.263Z [ERROR]: Kafka consumer crashed: undefined. Reconnecting...
2025-05-10T20:42:45.264Z [INFO]: Connected to Kafka
2025-05-10T20:42:45.264Z [ERROR]: Failed to setup Kafka consumer: Closed connection
2025-05-10T20:42:45.576Z [ERROR]: Kafka consumer crashed: undefined. Reconnecting...
2025-05-10T20:42:45.577Z [INFO]: Connected to Kafka
2025-05-10T20:42:45.578Z [ERROR]: Failed to setup Kafka consumer: Closed connection
2025-05-10T20:42:45.887Z [ERROR]: Kafka consumer crashed: undefined. Reconnecting...
2025-05-10T20:42:45.888Z [INFO]: Connected to Kafka
2025-05-10T20:42:45.888Z [ERROR]: Failed to setup Kafka consumer: Closed connection
2025-05-10T20:42:46.196Z [ERROR]: Kafka consumer crashed: undefined. Reconnecting...
2025-05-10T20:42:46.196Z [INFO]: Connected to Kafka
2025-05-10T20:42:46.197Z [ERROR]: Failed to setup Kafka consumer: Closed connection
2025-05-10T20:42:46.504Z [ERROR]: Kafka consumer crashed: undefined. Reconnecting...
2025-05-10T20:42:46.505Z [INFO]: Connected to Kafka
2025-05-10T20:42:46.506Z [ERROR]: Failed to setup Kafka consumer: Closed connection
2025-05-10T20:42:46.815Z [ERROR]: Kafka consumer crashed: undefined. Reconnecting...
2025-05-10T20:42:46.817Z [INFO]: Connected to Kafka
2025-05-10T20:42:46.817Z [ERROR]: Failed to setup Kafka consumer: Closed connection
2025-05-10T20:42:47.126Z [ERROR]: Kafka consumer crashed: undefined. Reconnecting...
2025-05-10T20:42:47.127Z [INFO]: Connected to Kafka
2025-05-10T20:42:47.128Z [ERROR]: Failed to setup Kafka consumer: Closed connection
2025-05-10T20:42:47.436Z [ERROR]: Kafka consumer crashed: undefined. Reconnecting...
2025-05-10T20:42:47.437Z [INFO]: Connected to Kafka
2025-05-10T20:42:47.438Z [ERROR]: Failed to setup Kafka consumer: Closed connection
2025-05-10T20:42:47.750Z [ERROR]: Kafka consumer crashed: undefined. Reconnecting...
2025-05-10T20:42:47.751Z [INFO]: Connected to Kafka
2025-05-10T20:42:47.752Z [ERROR]: Failed to setup Kafka consumer: Closed connection
2025-05-10T20:42:48.061Z [ERROR]: Kafka consumer crashed: undefined. Reconnecting...
2025-05-10T20:42:48.062Z [INFO]: Connected to Kafka
2025-05-10T20:42:48.063Z [ERROR]: Failed to setup Kafka consumer: Closed connection
2025-05-10T20:42:48.371Z [ERROR]: Kafka consumer crashed: undefined. Reconnecting...
2025-05-10T20:42:48.372Z [INFO]: Connected to Kafka
2025-05-10T20:42:48.372Z [ERROR]: Failed to setup Kafka consumer: Closed connection
2025-05-10T20:42:48.682Z [ERROR]: Kafka consumer crashed: undefined. Reconnecting...
2025-05-10T20:42:48.683Z [INFO]: Connected to Kafka
2025-05-10T20:42:48.684Z [ERROR]: Failed to setup Kafka consumer: Closed connection
2025-05-10T20:42:48.994Z [ERROR]: Kafka consumer crashed: undefined. Reconnecting...
2025-05-10T20:42:48.995Z [INFO]: Connected to Kafka
2025-05-10T20:42:48.995Z [ERROR]: Failed to setup Kafka consumer: Closed connection
2025-05-10T20:42:49.304Z [ERROR]: Kafka consumer crashed: undefined. Reconnecting...
2025-05-10T20:42:49.306Z [INFO]: Connected to Kafka
2025-05-10T20:42:49.307Z [ERROR]: Failed to setup Kafka consumer: Closed connection
2025-05-10T20:42:49.619Z [ERROR]: Kafka consumer crashed: undefined. Reconnecting...
2025-05-10T20:42:49.620Z [INFO]: Connected to Kafka
2025-05-10T20:42:49.621Z [ERROR]: Failed to setup Kafka consumer: Closed connection
2025-05-10T20:42:49.930Z [ERROR]: Kafka consumer crashed: undefined. Reconnecting...
2025-05-10T20:42:49.931Z [INFO]: Connected to Kafka
2025-05-10T20:42:49.932Z [ERROR]: Failed to setup Kafka consumer: Closed connection
2025-05-10T20:42:50.240Z [ERROR]: Kafka consumer crashed: undefined. Reconnecting...
2025-05-10T20:42:50.242Z [INFO]: Connected to Kafka
2025-05-10T20:42:50.244Z [ERROR]: Failed to setup Kafka consumer: Closed connection
2025-05-10T20:42:50.551Z [ERROR]: Kafka consumer crashed: undefined. Reconnecting...
2025-05-10T20:42:50.552Z [INFO]: Connected to Kafka
2025-05-10T20:42:50.553Z [ERROR]: Failed to setup Kafka consumer: Closed connection
2025-05-10T20:42:50.863Z [ERROR]: Kafka consumer crashed: undefined. Reconnecting...
2025-05-10T20:42:50.864Z [INFO]: Connected to Kafka
2025-05-10T20:42:50.864Z [ERROR]: Failed to setup Kafka consumer: Closed connection
2025-05-10T20:42:51.173Z [ERROR]: Kafka consumer crashed: undefined. Reconnecting...
2025-05-10T20:42:51.175Z [INFO]: Connected to Kafka
2025-05-10T20:42:51.175Z [ERROR]: Failed to setup Kafka consumer: Closed connection
2025-05-10T20:42:51.485Z [ERROR]: Kafka consumer crashed: undefined. Reconnecting...
2025-05-10T20:42:51.486Z [INFO]: Connected to Kafka
2025-05-10T20:42:51.486Z [ERROR]: Failed to setup Kafka consumer: Closed connection
2025-05-10T20:42:51.794Z [ERROR]: Kafka consumer crashed: undefined. Reconnecting...
2025-05-10T20:42:51.795Z [INFO]: Connected to Kafka
2025-05-10T20:42:51.796Z [ERROR]: Failed to setup Kafka consumer: Closed connection
2025-05-10T20:42:52.105Z [ERROR]: Kafka consumer crashed: undefined. Reconnecting...
2025-05-10T20:42:52.106Z [INFO]: Connected to Kafka
2025-05-10T20:42:52.107Z [ERROR]: Failed to setup Kafka consumer: Closed connection
2025-05-10T20:42:52.412Z [ERROR]: Kafka consumer crashed: undefined. Reconnecting...
2025-05-10T20:42:52.413Z [INFO]: Connected to Kafka
2025-05-10T20:42:52.413Z [ERROR]: Failed to setup Kafka consumer: Connection error: write after end
2025-05-10T20:42:52.719Z [ERROR]: Kafka consumer crashed: undefined. Reconnecting...
2025-05-10T20:42:52.720Z [INFO]: Connected to Kafka
2025-05-10T20:42:52.721Z [ERROR]: Failed to setup Kafka consumer: Closed connection
2025-05-10T20:42:53.030Z [ERROR]: Kafka consumer crashed: undefined. Reconnecting...
2025-05-10T20:42:53.031Z [INFO]: Connected to Kafka
2025-05-10T20:42:53.031Z [ERROR]: Failed to setup Kafka consumer: Closed connection
2025-05-10T20:42:53.341Z [ERROR]: Kafka consumer crashed: undefined. Reconnecting...
2025-05-10T20:42:53.342Z [INFO]: Connected to Kafka
2025-05-10T20:42:53.343Z [ERROR]: Failed to setup Kafka consumer: Closed connection
2025-05-10T20:42:53.654Z [ERROR]: Kafka consumer crashed: undefined. Reconnecting...
2025-05-10T20:42:53.655Z [INFO]: Connected to Kafka
2025-05-10T20:42:53.656Z [ERROR]: Failed to setup Kafka consumer: Closed connection
2025-05-10T20:42:53.964Z [ERROR]: Kafka consumer crashed: undefined. Reconnecting...
2025-05-10T20:42:53.965Z [INFO]: Connected to Kafka
2025-05-10T20:42:53.966Z [ERROR]: Failed to setup Kafka consumer: Closed connection
2025-05-10T20:42:54.275Z [ERROR]: Kafka consumer crashed: undefined. Reconnecting...
2025-05-10T20:42:54.276Z [INFO]: Connected to Kafka
2025-05-10T20:42:54.277Z [ERROR]: Failed to setup Kafka consumer: Closed connection
2025-05-10T20:42:54.584Z [ERROR]: Kafka consumer crashed: undefined. Reconnecting...
2025-05-10T20:42:54.585Z [INFO]: Connected to Kafka
2025-05-10T20:42:54.585Z [ERROR]: Failed to setup Kafka consumer: Closed connection
2025-05-10T20:42:54.891Z [ERROR]: Kafka consumer crashed: undefined. Reconnecting...
2025-05-10T20:42:54.892Z [INFO]: Connected to Kafka
2025-05-10T20:42:54.892Z [ERROR]: Failed to setup Kafka consumer: Closed connection
2025-05-10T20:42:55.203Z [ERROR]: Kafka consumer crashed: undefined. Reconnecting...
2025-05-10T20:42:55.204Z [INFO]: Connected to Kafka
2025-05-10T20:42:55.205Z [ERROR]: Failed to setup Kafka consumer: Closed connection
2025-05-10T20:42:55.511Z [ERROR]: Kafka consumer crashed: undefined. Reconnecting...
2025-05-10T20:42:55.513Z [INFO]: Connected to Kafka
2025-05-10T20:42:55.514Z [ERROR]: Failed to setup Kafka consumer: Closed connection
2025-05-10T20:42:55.823Z [ERROR]: Kafka consumer crashed: undefined. Reconnecting...
2025-05-10T20:42:55.825Z [INFO]: Connected to Kafka
2025-05-10T20:42:55.825Z [ERROR]: Failed to setup Kafka consumer: Closed connection
2025-05-10T20:42:56.134Z [ERROR]: Kafka consumer crashed: undefined. Reconnecting...
2025-05-10T20:42:56.135Z [INFO]: Connected to Kafka
2025-05-10T20:42:56.136Z [ERROR]: Failed to setup Kafka consumer: Closed connection
2025-05-10T20:42:56.443Z [ERROR]: Kafka consumer crashed: undefined. Reconnecting...
2025-05-10T20:42:56.443Z [INFO]: Connected to Kafka
2025-05-10T20:42:56.444Z [ERROR]: Failed to setup Kafka consumer: Closed connection
2025-05-10T20:42:56.753Z [ERROR]: Kafka consumer crashed: undefined. Reconnecting...
2025-05-10T20:42:56.754Z [INFO]: Connected to Kafka
2025-05-10T20:42:56.755Z [ERROR]: Failed to setup Kafka consumer: Closed connection
2025-05-10T20:42:57.064Z [ERROR]: Kafka consumer crashed: undefined. Reconnecting...
2025-05-10T20:42:57.065Z [INFO]: Connected to Kafka
2025-05-10T20:42:57.065Z [ERROR]: Failed to setup Kafka consumer: Closed connection
2025-05-10T20:42:57.374Z [ERROR]: Kafka consumer crashed: undefined. Reconnecting...
2025-05-10T20:42:57.375Z [INFO]: Connected to Kafka
2025-05-10T20:42:57.376Z [ERROR]: Failed to setup Kafka consumer: Closed connection
2025-05-10T20:42:57.685Z [ERROR]: Kafka consumer crashed: undefined. Reconnecting...
2025-05-10T20:42:57.686Z [INFO]: Connected to Kafka
2025-05-10T20:42:57.687Z [ERROR]: Failed to setup Kafka consumer: Closed connection
2025-05-10T20:42:57.995Z [ERROR]: Kafka consumer crashed: undefined. Reconnecting...
2025-05-10T20:42:57.997Z [INFO]: Connected to Kafka
2025-05-10T20:42:57.997Z [ERROR]: Failed to setup Kafka consumer: Closed connection
2025-05-10T20:42:58.307Z [ERROR]: Kafka consumer crashed: undefined. Reconnecting...
2025-05-10T20:42:58.307Z [INFO]: Connected to Kafka
2025-05-10T20:42:58.308Z [ERROR]: Failed to setup Kafka consumer: Closed connection
2025-05-10T20:42:58.659Z [ERROR]: Kafka consumer crashed: undefined. Reconnecting...
2025-05-10T20:42:58.662Z [INFO]: Connected to Kafka
2025-05-10T20:42:58.671Z [ERROR]: Failed to setup Kafka consumer: Closed connection
2025-05-10T20:42:58.969Z [ERROR]: Kafka consumer crashed: undefined. Reconnecting...
2025-05-10T20:42:58.970Z [INFO]: Connected to Kafka
2025-05-10T20:42:58.971Z [ERROR]: Failed to setup Kafka consumer: Closed connection
2025-05-10T20:42:59.283Z [ERROR]: Kafka consumer crashed: undefined. Reconnecting...
2025-05-10T20:42:59.285Z [INFO]: Connected to Kafka
2025-05-10T20:42:59.287Z [ERROR]: Failed to setup Kafka consumer: Closed connection
2025-05-10T20:42:59.597Z [ERROR]: Kafka consumer crashed: undefined. Reconnecting...
2025-05-10T20:42:59.598Z [INFO]: Connected to Kafka
2025-05-10T20:42:59.599Z [ERROR]: Failed to setup Kafka consumer: Closed connection
2025-05-10T20:42:59.908Z [ERROR]: Kafka consumer crashed: undefined. Reconnecting...
2025-05-10T20:42:59.909Z [INFO]: Connected to Kafka
2025-05-10T20:42:59.910Z [ERROR]: Failed to setup Kafka consumer: Closed connection
2025-05-10T20:43:00.219Z [ERROR]: Kafka consumer crashed: undefined. Reconnecting...
2025-05-10T20:43:00.221Z [INFO]: Connected to Kafka
2025-05-10T20:43:00.221Z [ERROR]: Failed to setup Kafka consumer: Closed connection
2025-05-10T20:43:00.533Z [ERROR]: Kafka consumer crashed: undefined. Reconnecting...
2025-05-10T20:43:00.534Z [INFO]: Connected to Kafka
2025-05-10T20:43:00.535Z [ERROR]: Failed to setup Kafka consumer: Closed connection
2025-05-10T20:43:00.842Z [ERROR]: Kafka consumer crashed: undefined. Reconnecting...
2025-05-10T20:43:00.843Z [INFO]: Connected to Kafka
2025-05-10T20:43:00.844Z [ERROR]: Failed to setup Kafka consumer: Closed connection
2025-05-10T20:43:01.156Z [ERROR]: Kafka consumer crashed: undefined. Reconnecting...
2025-05-10T20:43:01.157Z [INFO]: Connected to Kafka
2025-05-10T20:43:01.158Z [ERROR]: Failed to setup Kafka consumer: Closed connection
2025-05-10T20:43:01.467Z [ERROR]: Kafka consumer crashed: undefined. Reconnecting...
2025-05-10T20:43:01.468Z [INFO]: Connected to Kafka
2025-05-10T20:43:01.469Z [ERROR]: Failed to setup Kafka consumer: Closed connection
2025-05-10T20:43:01.778Z [ERROR]: Kafka consumer crashed: undefined. Reconnecting...
2025-05-10T20:43:01.779Z [INFO]: Connected to Kafka
2025-05-10T20:43:01.779Z [ERROR]: Failed to setup Kafka consumer: Closed connection
2025-05-10T20:43:02.093Z [ERROR]: Kafka consumer crashed: undefined. Reconnecting...
2025-05-10T20:43:02.095Z [INFO]: Connected to Kafka
2025-05-10T20:43:02.096Z [ERROR]: Failed to setup Kafka consumer: Closed connection
2025-05-10T20:43:02.401Z [ERROR]: Kafka consumer crashed: undefined. Reconnecting...
2025-05-10T20:43:02.402Z [INFO]: Connected to Kafka
2025-05-10T20:43:02.402Z [ERROR]: Failed to setup Kafka consumer: Closed connection
2025-05-10T20:43:02.711Z [ERROR]: Kafka consumer crashed: undefined. Reconnecting...
2025-05-10T20:43:02.712Z [INFO]: Connected to Kafka
2025-05-10T20:43:02.713Z [ERROR]: Failed to setup Kafka consumer: Closed connection
2025-05-10T20:43:03.017Z [ERROR]: Kafka consumer crashed: undefined. Reconnecting...
2025-05-10T20:43:03.018Z [INFO]: Connected to Kafka
2025-05-10T20:43:03.018Z [ERROR]: Failed to setup Kafka consumer: Closed connection
2025-05-10T20:43:03.327Z [ERROR]: Kafka consumer crashed: undefined. Reconnecting...
2025-05-10T20:43:03.328Z [INFO]: Connected to Kafka
2025-05-10T20:43:03.328Z [ERROR]: Failed to setup Kafka consumer: Closed connection
2025-05-10T20:43:03.637Z [ERROR]: Kafka consumer crashed: undefined. Reconnecting...
2025-05-10T20:43:03.639Z [INFO]: Connected to Kafka
2025-05-10T20:43:03.640Z [ERROR]: Failed to setup Kafka consumer: Closed connection
2025-05-10T20:43:03.951Z [ERROR]: Kafka consumer crashed: undefined. Reconnecting...
2025-05-10T20:43:03.952Z [INFO]: Connected to Kafka
2025-05-10T20:43:03.953Z [ERROR]: Failed to setup Kafka consumer: Closed connection
2025-05-10T20:43:04.261Z [ERROR]: Kafka consumer crashed: undefined. Reconnecting...
2025-05-10T20:43:04.263Z [INFO]: Connected to Kafka
2025-05-10T20:43:04.265Z [ERROR]: Failed to setup Kafka consumer: Closed connection
2025-05-10T20:43:04.573Z [ERROR]: Kafka consumer crashed: undefined. Reconnecting...
2025-05-10T20:43:04.574Z [INFO]: Connected to Kafka
2025-05-10T20:43:04.574Z [ERROR]: Failed to setup Kafka consumer: Closed connection
2025-05-10T20:43:04.880Z [ERROR]: Kafka consumer crashed: undefined. Reconnecting...
2025-05-10T20:43:04.881Z [INFO]: Connected to Kafka
2025-05-10T20:43:04.881Z [ERROR]: Failed to setup Kafka consumer: Closed connection
2025-05-10T20:43:05.189Z [ERROR]: Kafka consumer crashed: undefined. Reconnecting...
2025-05-10T20:43:05.190Z [INFO]: Connected to Kafka
2025-05-10T20:43:05.191Z [ERROR]: Failed to setup Kafka consumer: Closed connection
2025-05-10T20:43:05.500Z [ERROR]: Kafka consumer crashed: undefined. Reconnecting...
2025-05-10T20:43:05.502Z [INFO]: Connected to Kafka
2025-05-10T20:43:05.503Z [ERROR]: Failed to setup Kafka consumer: Closed connection
2025-05-10T20:43:05.808Z [ERROR]: Kafka consumer crashed: undefined. Reconnecting...
2025-05-10T20:43:05.808Z [INFO]: Connected to Kafka
2025-05-10T20:43:05.809Z [ERROR]: Failed to setup Kafka consumer: Closed connection
2025-05-10T20:43:06.117Z [ERROR]: Kafka consumer crashed: undefined. Reconnecting...
2025-05-10T20:43:06.118Z [INFO]: Connected to Kafka
2025-05-10T20:43:06.119Z [ERROR]: Failed to setup Kafka consumer: Closed connection
2025-05-10T20:43:06.428Z [ERROR]: Kafka consumer crashed: undefined. Reconnecting...
2025-05-10T20:43:06.429Z [INFO]: Connected to Kafka
2025-05-10T20:43:06.430Z [ERROR]: Failed to setup Kafka consumer: Closed connection
2025-05-10T20:43:06.738Z [ERROR]: Kafka consumer crashed: undefined. Reconnecting...
2025-05-10T20:43:06.740Z [INFO]: Connected to Kafka
2025-05-10T20:43:06.740Z [ERROR]: Failed to setup Kafka consumer: Closed connection
2025-05-10T20:43:07.046Z [ERROR]: Kafka consumer crashed: undefined. Reconnecting...
2025-05-10T20:43:07.048Z [INFO]: Connected to Kafka
2025-05-10T20:43:07.049Z [ERROR]: Failed to setup Kafka consumer: Closed connection
2025-05-10T20:43:07.355Z [ERROR]: Kafka consumer crashed: undefined. Reconnecting...
2025-05-10T20:43:07.356Z [INFO]: Connected to Kafka
2025-05-10T20:43:07.356Z [ERROR]: Failed to setup Kafka consumer: Closed connection
2025-05-10T20:43:07.666Z [ERROR]: Kafka consumer crashed: undefined. Reconnecting...
2025-05-10T20:43:07.667Z [INFO]: Connected to Kafka
2025-05-10T20:43:07.668Z [ERROR]: Failed to setup Kafka consumer: Closed connection
2025-05-10T20:43:07.977Z [ERROR]: Kafka consumer crashed: undefined. Reconnecting...
2025-05-10T20:43:07.978Z [INFO]: Connected to Kafka
2025-05-10T20:43:07.979Z [ERROR]: Failed to setup Kafka consumer: Closed connection
2025-05-10T20:43:08.290Z [ERROR]: Kafka consumer crashed: undefined. Reconnecting...
2025-05-10T20:43:08.291Z [INFO]: Connected to Kafka
2025-05-10T20:43:08.292Z [ERROR]: Failed to setup Kafka consumer: Closed connection
2025-05-10T20:43:08.604Z [ERROR]: Kafka consumer crashed: undefined. Reconnecting...
2025-05-10T20:43:08.605Z [INFO]: Connected to Kafka
2025-05-10T20:43:08.606Z [ERROR]: Failed to setup Kafka consumer: Closed connection
2025-05-10T20:43:08.916Z [ERROR]: Kafka consumer crashed: undefined. Reconnecting...
2025-05-10T20:43:08.917Z [INFO]: Connected to Kafka
2025-05-10T20:43:08.918Z [ERROR]: Failed to setup Kafka consumer: Closed connection
2025-05-10T20:43:09.224Z [ERROR]: Kafka consumer crashed: undefined. Reconnecting...
2025-05-10T20:43:09.225Z [INFO]: Connected to Kafka
2025-05-10T20:43:09.225Z [ERROR]: Failed to setup Kafka consumer: Closed connection
2025-05-10T20:43:09.536Z [ERROR]: Kafka consumer crashed: undefined. Reconnecting...
2025-05-10T20:43:09.537Z [INFO]: Connected to Kafka
2025-05-10T20:43:09.538Z [ERROR]: Failed to setup Kafka consumer: Closed connection
2025-05-10T20:43:09.848Z [ERROR]: Kafka consumer crashed: undefined. Reconnecting...
2025-05-10T20:43:09.849Z [INFO]: Connected to Kafka
2025-05-10T20:43:09.850Z [ERROR]: Failed to setup Kafka consumer: Closed connection
2025-05-10T20:43:10.163Z [ERROR]: Kafka consumer crashed: undefined. Reconnecting...
2025-05-10T20:43:10.164Z [INFO]: Connected to Kafka
2025-05-10T20:43:10.165Z [ERROR]: Failed to setup Kafka consumer: Closed connection
2025-05-10T20:43:10.475Z [ERROR]: Kafka consumer crashed: undefined. Reconnecting...
2025-05-10T20:43:10.476Z [INFO]: Connected to Kafka
2025-05-10T20:43:10.477Z [ERROR]: Failed to setup Kafka consumer: Closed connection
2025-05-10T20:43:10.785Z [ERROR]: Kafka consumer crashed: undefined. Reconnecting...
2025-05-10T20:43:10.786Z [INFO]: Connected to Kafka
2025-05-10T20:43:10.787Z [ERROR]: Failed to setup Kafka consumer: Closed connection
2025-05-10T20:43:11.095Z [ERROR]: Kafka consumer crashed: undefined. Reconnecting...
2025-05-10T20:43:11.097Z [INFO]: Connected to Kafka
2025-05-10T20:43:11.097Z [ERROR]: Failed to setup Kafka consumer: Closed connection
2025-05-10T20:43:11.406Z [ERROR]: Kafka consumer crashed: undefined. Reconnecting...
2025-05-10T20:43:11.407Z [INFO]: Connected to Kafka
2025-05-10T20:43:11.407Z [ERROR]: Failed to setup Kafka consumer: Closed connection
2025-05-10T20:43:11.718Z [ERROR]: Kafka consumer crashed: undefined. Reconnecting...
2025-05-10T20:43:11.719Z [INFO]: Connected to Kafka
2025-05-10T20:43:11.720Z [ERROR]: Failed to setup Kafka consumer: Closed connection
2025-05-10T20:43:12.029Z [ERROR]: Kafka consumer crashed: undefined. Reconnecting...
2025-05-10T20:43:12.030Z [INFO]: Connected to Kafka
2025-05-10T20:43:12.030Z [ERROR]: Failed to setup Kafka consumer: Closed connection
2025-05-10T20:43:12.335Z [ERROR]: Kafka consumer crashed: undefined. Reconnecting...
2025-05-10T20:43:12.336Z [INFO]: Connected to Kafka
2025-05-10T20:43:12.337Z [ERROR]: Failed to setup Kafka consumer: Closed connection
2025-05-10T20:43:12.646Z [ERROR]: Kafka consumer crashed: undefined. Reconnecting...
2025-05-10T20:43:12.647Z [INFO]: Connected to Kafka
2025-05-10T20:43:12.648Z [ERROR]: Failed to setup Kafka consumer: Closed connection
2025-05-10T20:43:12.957Z [ERROR]: Kafka consumer crashed: undefined. Reconnecting...
2025-05-10T20:43:12.958Z [INFO]: Connected to Kafka
2025-05-10T20:43:12.959Z [ERROR]: Failed to setup Kafka consumer: Closed connection
2025-05-10T20:43:13.265Z [ERROR]: Kafka consumer crashed: undefined. Reconnecting...
2025-05-10T20:43:13.266Z [INFO]: Connected to Kafka
2025-05-10T20:43:13.266Z [ERROR]: Failed to setup Kafka consumer: Closed connection
2025-05-10T20:43:13.578Z [ERROR]: Kafka consumer crashed: undefined. Reconnecting...
2025-05-10T20:43:13.579Z [INFO]: Connected to Kafka
2025-05-10T20:43:13.580Z [ERROR]: Failed to setup Kafka consumer: Closed connection
2025-05-10T20:43:13.888Z [ERROR]: Kafka consumer crashed: undefined. Reconnecting...
2025-05-10T20:43:13.889Z [INFO]: Connected to Kafka
2025-05-10T20:43:13.890Z [ERROR]: Failed to setup Kafka consumer: Closed connection
2025-05-10T20:43:14.206Z [ERROR]: Kafka consumer crashed: undefined. Reconnecting...
2025-05-10T20:43:14.207Z [INFO]: Connected to Kafka
2025-05-10T20:43:14.207Z [ERROR]: Failed to setup Kafka consumer: Closed connection
2025-05-10T20:43:14.517Z [ERROR]: Kafka consumer crashed: undefined. Reconnecting...
2025-05-10T20:43:14.518Z [INFO]: Connected to Kafka
2025-05-10T20:43:14.518Z [ERROR]: Failed to setup Kafka consumer: Closed connection
2025-05-10T20:43:14.825Z [ERROR]: Kafka consumer crashed: undefined. Reconnecting...
2025-05-10T20:43:14.826Z [INFO]: Connected to Kafka
2025-05-10T20:43:14.826Z [ERROR]: Failed to setup Kafka consumer: Closed connection
2025-05-10T20:43:15.137Z [ERROR]: Kafka consumer crashed: undefined. Reconnecting...
2025-05-10T20:43:15.138Z [INFO]: Connected to Kafka
2025-05-10T20:43:15.138Z [ERROR]: Failed to setup Kafka consumer: Closed connection
2025-05-10T20:43:15.444Z [ERROR]: Kafka consumer crashed: undefined. Reconnecting...
2025-05-10T20:43:15.445Z [INFO]: Connected to Kafka
2025-05-10T20:43:15.445Z [ERROR]: Failed to setup Kafka consumer: Closed connection
2025-05-10T20:43:15.755Z [ERROR]: Kafka consumer crashed: undefined. Reconnecting...
2025-05-10T20:43:15.756Z [INFO]: Connected to Kafka
2025-05-10T20:43:15.756Z [ERROR]: Failed to setup Kafka consumer: Closed connection
2025-05-10T20:43:16.070Z [ERROR]: Kafka consumer crashed: undefined. Reconnecting...
2025-05-10T20:43:16.071Z [INFO]: Connected to Kafka
2025-05-10T20:43:16.072Z [ERROR]: Failed to setup Kafka consumer: Closed connection
2025-05-10T20:43:16.381Z [ERROR]: Kafka consumer crashed: undefined. Reconnecting...
2025-05-10T20:43:16.382Z [INFO]: Connected to Kafka
2025-05-10T20:43:16.383Z [ERROR]: Failed to setup Kafka consumer: Closed connection
2025-05-10T20:43:16.692Z [ERROR]: Kafka consumer crashed: undefined. Reconnecting...
2025-05-10T20:43:16.693Z [INFO]: Connected to Kafka
2025-05-10T20:43:16.693Z [ERROR]: Failed to setup Kafka consumer: Closed connection
2025-05-10T20:43:17.002Z [ERROR]: Kafka consumer crashed: undefined. Reconnecting...
2025-05-10T20:43:17.003Z [INFO]: Connected to Kafka
2025-05-10T20:43:17.004Z [ERROR]: Failed to setup Kafka consumer: Closed connection
2025-05-10T20:43:17.311Z [ERROR]: Kafka consumer crashed: undefined. Reconnecting...
2025-05-10T20:43:17.312Z [INFO]: Connected to Kafka
2025-05-10T20:43:17.312Z [ERROR]: Failed to setup Kafka consumer: Closed connection
2025-05-10T20:43:17.620Z [ERROR]: Kafka consumer crashed: undefined. Reconnecting...
2025-05-10T20:43:17.621Z [INFO]: Connected to Kafka
2025-05-10T20:43:17.621Z [ERROR]: Failed to setup Kafka consumer: Closed connection
2025-05-10T20:43:17.931Z [ERROR]: Kafka consumer crashed: undefined. Reconnecting...
2025-05-10T20:43:17.931Z [INFO]: Connected to Kafka
2025-05-10T20:43:17.932Z [ERROR]: Failed to setup Kafka consumer: Closed connection
2025-05-10T20:43:18.242Z [ERROR]: Kafka consumer crashed: undefined. Reconnecting...
2025-05-10T20:43:18.243Z [INFO]: Connected to Kafka
2025-05-10T20:43:18.244Z [ERROR]: Failed to setup Kafka consumer: Closed connection
2025-05-10T20:43:18.554Z [ERROR]: Kafka consumer crashed: undefined. Reconnecting...
2025-05-10T20:43:18.555Z [INFO]: Connected to Kafka
2025-05-10T20:43:18.556Z [ERROR]: Failed to setup Kafka consumer: Closed connection
2025-05-10T20:43:18.865Z [ERROR]: Kafka consumer crashed: undefined. Reconnecting...
2025-05-10T20:43:18.867Z [INFO]: Connected to Kafka
2025-05-10T20:43:18.867Z [ERROR]: Failed to setup Kafka consumer: Closed connection
2025-05-10T20:43:19.175Z [ERROR]: Kafka consumer crashed: undefined. Reconnecting...
2025-05-10T20:43:19.176Z [INFO]: Connected to Kafka
2025-05-10T20:43:19.176Z [ERROR]: Failed to setup Kafka consumer: Closed connection
2025-05-10T20:43:19.484Z [ERROR]: Kafka consumer crashed: undefined. Reconnecting...
2025-05-10T20:43:19.485Z [INFO]: Connected to Kafka
2025-05-10T20:43:19.485Z [ERROR]: Failed to setup Kafka consumer: Closed connection
2025-05-10T20:43:19.796Z [ERROR]: Kafka consumer crashed: undefined. Reconnecting...
2025-05-10T20:43:19.797Z [INFO]: Connected to Kafka
2025-05-10T20:43:19.798Z [ERROR]: Failed to setup Kafka consumer: Closed connection
2025-05-10T20:43:20.105Z [ERROR]: Kafka consumer crashed: undefined. Reconnecting...
2025-05-10T20:43:20.106Z [INFO]: Connected to Kafka
2025-05-10T20:43:20.107Z [ERROR]: Failed to setup Kafka consumer: Closed connection
2025-05-10T20:43:20.416Z [ERROR]: Kafka consumer crashed: undefined. Reconnecting...
2025-05-10T20:43:20.416Z [INFO]: Connected to Kafka
2025-05-10T20:43:20.417Z [ERROR]: Failed to setup Kafka consumer: Closed connection
2025-05-10T20:43:20.726Z [ERROR]: Kafka consumer crashed: undefined. Reconnecting...
2025-05-10T20:43:20.727Z [INFO]: Connected to Kafka
2025-05-10T20:43:20.727Z [ERROR]: Failed to setup Kafka consumer: Closed connection
2025-05-10T20:43:21.072Z [ERROR]: Kafka consumer crashed: undefined. Reconnecting...
2025-05-10T20:43:21.073Z [INFO]: Connected to Kafka
2025-05-10T20:43:21.074Z [ERROR]: Failed to setup Kafka consumer: Closed connection
2025-05-10T20:43:21.385Z [ERROR]: Kafka consumer crashed: undefined. Reconnecting...
2025-05-10T20:43:21.386Z [INFO]: Connected to Kafka
2025-05-10T20:43:21.387Z [ERROR]: Failed to setup Kafka consumer: Closed connection
2025-05-10T20:43:21.694Z [ERROR]: Kafka consumer crashed: undefined. Reconnecting...
2025-05-10T20:43:21.695Z [INFO]: Connected to Kafka
2025-05-10T20:43:21.695Z [ERROR]: Failed to setup Kafka consumer: Closed connection
2025-05-10T20:43:22.005Z [ERROR]: Kafka consumer crashed: undefined. Reconnecting...
2025-05-10T20:43:22.006Z [INFO]: Connected to Kafka
2025-05-10T20:43:22.007Z [ERROR]: Failed to setup Kafka consumer: Closed connection
2025-05-10T20:43:22.248Z [INFO]: Shutting down notification service...
2025-05-10T23:55:05.328Z [INFO]: Testing email configuration...
2025-05-10T23:55:05.330Z [INFO]: Using email configuration:
2025-05-10T23:55:05.330Z [INFO]: - Service: gmail
2025-05-10T23:55:05.330Z [INFO]: - From: amibz2001@gmail.com
2025-05-10T23:55:05.331Z [INFO]: - To: amibz2001@gmail.com
2025-05-10T23:55:05.331Z [INFO]: - Auth User: amibz2001@gmail.com
2025-05-10T23:55:05.331Z [INFO]: - Auth Pass: ********* (length: 9)
2025-05-10T23:55:05.331Z [INFO]: Preparing email for order from Test User to amibz2001@gmail.com
2025-05-10T23:55:05.369Z [INFO]: Attempting to send email to amibz2001@gmail.com using amibz2001@gmail.com
2025-05-10T23:55:06.349Z [ERROR]: Error sending email: Invalid login: 535-5.7.8 Username and Password not accepted. For more information, go to
535 5.7.8  https://support.google.com/mail/?p=BadCredentials 5b1f17b1804b1-442cd3285e0sm117364565e9.5 - gsmtp
